[2026-05-26 21:31:01] [INFO    ] [FindMSUIIT.System] [SYSTEM] Logger Self-Test — Verifying all log levels.
[2026-05-26 21:31:01] [INFO    ] [FindMSUIIT.Test] This is an INFO message.
[2026-05-26 21:31:01] [DEBUG   ] [FindMSUIIT.Test] This is a DEBUG message — visible in log file only.
[2026-05-26 21:31:01] [WARNING ] [FindMSUIIT.Test] This is a WARN message.
[2026-05-26 21:31:01] [ERROR   ] [FindMSUIIT.Test] This is an ERROR message (no exception).
<<<<<<< HEAD
[2026-06-05 03:53:07] [INFO    ] [FindMSUIIT.presenters.claims_presenter] Loaded 0 pending claim(s).
[2026-06-05 03:53:11] [INFO    ] [FindMSUIIT.presenters.claims_presenter] Loaded 0 pending claim(s).
=======
[2026-06-05 20:52:22] [INFO    ] [FindMSUIIT.presenters.claims_presenter] Loaded 0 pending claim(s).
[2026-06-05 21:03:30] [INFO    ] [FindMSUIIT.presenters.claims_presenter] Loaded 0 pending claim(s).
[2026-06-05 21:07:21] [INFO    ] [FindMSUIIT.presenters.claims_presenter] Loaded 0 pending claim(s).
[2026-06-05 21:08:38] [INFO    ] [FindMSUIIT.presenters.claims_presenter] Loaded 0 pending claim(s).
[2026-06-05 21:13:16] [INFO    ] [FindMSUIIT.presenters.claims_presenter] Loaded 0 pending claim(s).
[2026-06-05 21:16:12] [INFO    ] [FindMSUIIT.presenters.claims_presenter] Loaded 0 pending claim(s).
[2026-06-05 21:24:14] [INFO    ] [FindMSUIIT.presenters.claims_presenter] Loaded 0 pending claim(s).
[2026-06-05 22:19:28] [INFO    ] [FindMSUIIT.presenters.claims_presenter] Loaded 0 pending claim(s).
[2026-06-05 22:20:22] [INFO    ] [FindMSUIIT.presenters.claims_presenter] Loaded 0 pending claim(s).
[2026-06-06 01:23:26] [INFO    ] [FindMSUIIT.presenters.claims_presenter] Loaded 0 pending claim(s).
[2026-06-06 01:31:14] [INFO    ] [FindMSUIIT.presenters.claims_presenter] Loaded 0 pending claim(s).
[2026-06-06 01:32:37] [INFO    ] [FindMSUIIT.presenters.claims_presenter] Loaded 0 pending claim(s).
[2026-06-06 01:34:25] [INFO    ] [FindMSUIIT.presenters.claims_presenter] Loaded 0 pending claim(s).
>>>>>>> 45b6f5e103e2e1f8d118ac68ed23aedb05634d5d
[2026-06-06 22:07:58] [INFO    ] [FindMSUIIT.presenters.claims_presenter] Loaded 0 pending claim(s).
[2026-06-07 02:04:24] [INFO    ] [FindMSUIIT.presenters.claims_presenter] Loaded 0 pending claim(s).
[2026-06-07 02:15:43] [INFO    ] [FindMSUIIT.presenters.claims_presenter] Loaded 2 pending claim(s).
[2026-06-07 02:23:56] [INFO    ] [FindMSUIIT.presenters.claims_presenter] Loaded 2 pending claim(s).
[2026-06-07 02:29:26] [INFO    ] [FindMSUIIT.presenters.claims_presenter] Loaded 2 pending claim(s).
[2026-06-07 02:39:23] [INFO    ] [FindMSUIIT.presenters.claims_presenter] Loaded 2 pending claim(s).
[2026-06-07 02:43:09] [INFO    ] [FindMSUIIT.presenters.claims_presenter] Loaded 2 pending claim(s).
[2026-06-07 02:44:37] [INFO    ] [FindMSUIIT.presenters.claims_presenter] Claim for item_id=4 rejected.
[2026-06-07 02:44:39] [INFO    ] [FindMSUIIT.presenters.claims_presenter] Loaded 1 pending claim(s).
[2026-06-07 02:44:41] [INFO    ] [FindMSUIIT.presenters.claims_presenter] Claim for item_id=3 rejected.
[2026-06-07 02:44:42] [INFO    ] [FindMSUIIT.presenters.claims_presenter] Loaded 0 pending claim(s).
[2026-06-07 02:47:42] [INFO    ] [FindMSUIIT.presenters.claims_presenter] Loaded 0 pending claim(s).
[2026-06-07 02:52:21] [INFO    ] [FindMSUIIT.presenters.claims_presenter] Loaded 1 pending claim(s).
[2026-06-07 02:52:50] [INFO    ] [FindMSUIIT.presenters.claims_presenter] Claim for item_id=2 rejected.
[2026-06-07 02:52:51] [INFO    ] [FindMSUIIT.presenters.claims_presenter] Loaded 0 pending claim(s).
[2026-06-07 02:53:13] [INFO    ] [FindMSUIIT.presenters.claims_presenter] Loaded 0 pending claim(s).
[2026-06-07 02:53:25] [INFO    ] [FindMSUIIT.presenters.claims_presenter] Loaded 0 pending claim(s).
[2026-06-07 02:55:54] [INFO    ] [FindMSUIIT.presenters.claims_presenter] Loaded 0 pending claim(s).
[2026-06-08 03:08:02] [INFO    ] [FindMSUIIT.presenters.claims_presenter] Loaded 0 pending claim(s).
[2026-06-08 03:08:12] [INFO    ] [FindMSUIIT.presenters.claims_presenter] Loaded 0 pending claim(s).
[2026-06-08 03:08:13] [INFO    ] [FindMSUIIT.presenters.claims_presenter] Loaded 0 pending claim(s).
[2026-06-08 03:16:27] [INFO    ] [FindMSUIIT.presenters.claims_presenter] Loaded 0 pending claim(s).
[2026-06-08 04:05:37] [INFO    ] [FindMSUIIT.presenters.claims_presenter] Loaded 0 pending claim(s).
[2026-06-08 04:07:16] [INFO    ] [FindMSUIIT.presenters.claims_presenter] Loaded 0 pending claim(s).
[2026-06-08 04:10:47] [INFO    ] [FindMSUIIT.presenters.claims_presenter] Loaded 0 pending claim(s).
[2026-06-08 04:10:58] [INFO    ] [FindMSUIIT.presenters.claims_presenter] Loaded 0 pending claim(s).
[2026-06-08 04:16:13] [INFO    ] [FindMSUIIT.presenters.claims_presenter] Loaded 0 pending claim(s).
[2026-06-08 04:21:37] [INFO    ] [FindMSUIIT.presenters.claims_presenter] Loaded 0 pending claim(s).
[2026-06-08 04:30:09] [INFO    ] [FindMSUIIT.presenters.claims_presenter] Loaded 0 pending claim(s).
[2026-06-08 18:46:14] [INFO    ] [FindMSUIIT.presenters.claims_presenter] Loaded 0 pending claim(s).
[2026-06-24 18:59:11] [DEBUG   ] [FindMSUIIT.Trace] → Entering find_matches_for_item()
[2026-06-24 18:59:11] [DEBUG   ] [FindMSUIIT.Trace] → Entering compute_match_score()
[2026-06-24 18:59:11] [DEBUG   ] [FindMSUIIT.modules.matching] Category mismatch (Books & Stationery ≠ Clothing & Accessories) — score forced to 0.0
[2026-06-24 18:59:11] [DEBUG   ] [FindMSUIIT.Trace] ← Exiting  compute_match_score()
[2026-06-24 18:59:11] [DEBUG   ] [FindMSUIIT.Trace] → Entering compute_match_score()
[2026-06-24 18:59:11] [DEBUG   ] [FindMSUIIT.modules.matching] Match score: name=0.30 desc=0.00 cat=1.00 → composite=0.3700
[2026-06-24 18:59:11] [DEBUG   ] [FindMSUIIT.Trace] ← Exiting  compute_match_score()
[2026-06-24 18:59:11] [DEBUG   ] [FindMSUIIT.Trace] → Entering compute_match_score()
[2026-06-24 18:59:11] [DEBUG   ] [FindMSUIIT.modules.matching] Category mismatch (Books & Stationery ≠ Electronics) — score forced to 0.0
[2026-06-24 18:59:11] [DEBUG   ] [FindMSUIIT.Trace] ← Exiting  compute_match_score()
[2026-06-24 18:59:11] [DEBUG   ] [FindMSUIIT.Trace] → Entering compute_match_score()
[2026-06-24 18:59:11] [DEBUG   ] [FindMSUIIT.modules.matching] Category mismatch (Books & Stationery ≠ Clothing & Accessories) — score forced to 0.0
[2026-06-24 18:59:11] [DEBUG   ] [FindMSUIIT.Trace] ← Exiting  compute_match_score()
[2026-06-24 18:59:11] [DEBUG   ] [FindMSUIIT.Trace] → Entering compute_match_score()
[2026-06-24 18:59:11] [DEBUG   ] [FindMSUIIT.modules.matching] Category mismatch (Books & Stationery ≠ Clothing & Accessories) — score forced to 0.0
[2026-06-24 18:59:11] [DEBUG   ] [FindMSUIIT.Trace] ← Exiting  compute_match_score()
[2026-06-24 18:59:11] [DEBUG   ] [FindMSUIIT.Trace] → Entering compute_match_score()
[2026-06-24 18:59:11] [DEBUG   ] [FindMSUIIT.modules.matching] Category mismatch (Books & Stationery ≠ Clothing & Accessories) — score forced to 0.0
[2026-06-24 18:59:11] [DEBUG   ] [FindMSUIIT.Trace] ← Exiting  compute_match_score()
[2026-06-24 18:59:11] [DEBUG   ] [FindMSUIIT.Trace] → Entering compute_match_score()
[2026-06-24 18:59:11] [DEBUG   ] [FindMSUIIT.modules.matching] Category mismatch (Books & Stationery ≠ Wallets & Bags) — score forced to 0.0
[2026-06-24 18:59:11] [DEBUG   ] [FindMSUIIT.Trace] ← Exiting  compute_match_score()
[2026-06-24 18:59:11] [DEBUG   ] [FindMSUIIT.Trace] → Entering compute_match_score()
[2026-06-24 18:59:11] [DEBUG   ] [FindMSUIIT.modules.matching] Category mismatch (Books & Stationery ≠ Clothing & Accessories) — score forced to 0.0
[2026-06-24 18:59:11] [DEBUG   ] [FindMSUIIT.Trace] ← Exiting  compute_match_score()
[2026-06-24 18:59:11] [DEBUG   ] [FindMSUIIT.Trace] → Entering compute_match_score()
[2026-06-24 18:59:11] [DEBUG   ] [FindMSUIIT.modules.matching] Category mismatch (Books & Stationery ≠ Personal Items (Tumblers, Umbrellas)) — score forced to 0.0
[2026-06-24 18:59:11] [DEBUG   ] [FindMSUIIT.Trace] ← Exiting  compute_match_score()
[2026-06-24 18:59:11] [DEBUG   ] [FindMSUIIT.Trace] → Entering compute_match_score()
[2026-06-24 18:59:11] [DEBUG   ] [FindMSUIIT.modules.matching] Match score: name=0.23 desc=0.00 cat=1.00 → composite=0.3400
[2026-06-24 18:59:11] [DEBUG   ] [FindMSUIIT.Trace] ← Exiting  compute_match_score()
[2026-06-24 18:59:11] [INFO    ] [FindMSUIIT.modules.matching] Matching complete for item_id=None — 0 candidate(s) found above threshold 0.65.
[2026-06-24 18:59:11] [DEBUG   ] [FindMSUIIT.Trace] ← Exiting  find_matches_for_item()
[2026-06-24 18:59:29] [DEBUG   ] [FindMSUIIT.Trace] → Entering find_matches_for_item()
[2026-06-24 18:59:29] [DEBUG   ] [FindMSUIIT.Trace] → Entering compute_match_score()
[2026-06-24 18:59:29] [DEBUG   ] [FindMSUIIT.modules.matching] Category mismatch (Books & Stationery ≠ Keys & Keychains) — score forced to 0.0
[2026-06-24 18:59:29] [DEBUG   ] [FindMSUIIT.Trace] ← Exiting  compute_match_score()
[2026-06-24 18:59:29] [DEBUG   ] [FindMSUIIT.Trace] → Entering compute_match_score()
[2026-06-24 18:59:29] [DEBUG   ] [FindMSUIIT.modules.matching] Match score: name=0.00 desc=0.00 cat=1.00 → composite=0.2500
[2026-06-24 18:59:29] [DEBUG   ] [FindMSUIIT.Trace] ← Exiting  compute_match_score()
[2026-06-24 18:59:29] [DEBUG   ] [FindMSUIIT.Trace] → Entering compute_match_score()
[2026-06-24 18:59:29] [DEBUG   ] [FindMSUIIT.modules.matching] Category mismatch (Books & Stationery ≠ Electronics) — score forced to 0.0
[2026-06-24 18:59:29] [DEBUG   ] [FindMSUIIT.Trace] ← Exiting  compute_match_score()
[2026-06-24 18:59:29] [DEBUG   ] [FindMSUIIT.Trace] → Entering compute_match_score()
[2026-06-24 18:59:29] [DEBUG   ] [FindMSUIIT.modules.matching] Category mismatch (Books & Stationery ≠ Clothing & Accessories) — score forced to 0.0
[2026-06-24 18:59:29] [DEBUG   ] [FindMSUIIT.Trace] ← Exiting  compute_match_score()
[2026-06-24 18:59:29] [DEBUG   ] [FindMSUIIT.Trace] → Entering compute_match_score()
[2026-06-24 18:59:29] [DEBUG   ] [FindMSUIIT.modules.matching] Category mismatch (Books & Stationery ≠ Wallets & Bags) — score forced to 0.0
[2026-06-24 18:59:29] [DEBUG   ] [FindMSUIIT.Trace] ← Exiting  compute_match_score()
[2026-06-24 18:59:29] [DEBUG   ] [FindMSUIIT.Trace] → Entering compute_match_score()
[2026-06-24 18:59:29] [DEBUG   ] [FindMSUIIT.modules.matching] Category mismatch (Books & Stationery ≠ Electronics) — score forced to 0.0
[2026-06-24 18:59:29] [DEBUG   ] [FindMSUIIT.Trace] ← Exiting  compute_match_score()
[2026-06-24 18:59:29] [DEBUG   ] [FindMSUIIT.Trace] → Entering compute_match_score()
[2026-06-24 18:59:29] [DEBUG   ] [FindMSUIIT.modules.matching] Category mismatch (Books & Stationery ≠ Keys & Keychains) — score forced to 0.0
[2026-06-24 18:59:29] [DEBUG   ] [FindMSUIIT.Trace] ← Exiting  compute_match_score()
[2026-06-24 18:59:29] [DEBUG   ] [FindMSUIIT.Trace] → Entering compute_match_score()
[2026-06-24 18:59:29] [DEBUG   ] [FindMSUIIT.modules.matching] Category mismatch (Books & Stationery ≠ Personal Items (Tumblers, Umbrellas)) — score forced to 0.0
[2026-06-24 18:59:29] [DEBUG   ] [FindMSUIIT.Trace] ← Exiting  compute_match_score()
[2026-06-24 18:59:29] [DEBUG   ] [FindMSUIIT.Trace] → Entering compute_match_score()
[2026-06-24 18:59:29] [DEBUG   ] [FindMSUIIT.modules.matching] Category mismatch (Books & Stationery ≠ Clothing & Accessories) — score forced to 0.0
[2026-06-24 18:59:29] [DEBUG   ] [FindMSUIIT.Trace] ← Exiting  compute_match_score()
[2026-06-24 18:59:29] [DEBUG   ] [FindMSUIIT.Trace] → Entering compute_match_score()
[2026-06-24 18:59:29] [DEBUG   ] [FindMSUIIT.modules.matching] Category mismatch (Books & Stationery ≠ Clothing & Accessories) — score forced to 0.0
[2026-06-24 18:59:29] [DEBUG   ] [FindMSUIIT.Trace] ← Exiting  compute_match_score()
[2026-06-24 18:59:29] [DEBUG   ] [FindMSUIIT.Trace] → Entering compute_match_score()
[2026-06-24 18:59:29] [DEBUG   ] [FindMSUIIT.modules.matching] Category mismatch (Books & Stationery ≠ Personal Items (Tumblers, Umbrellas)) — score forced to 0.0
[2026-06-24 18:59:29] [DEBUG   ] [FindMSUIIT.Trace] ← Exiting  compute_match_score()
[2026-06-24 18:59:29] [INFO    ] [FindMSUIIT.modules.matching] Matching complete for item_id=31 — 0 candidate(s) found above threshold 0.45.
[2026-06-24 18:59:29] [DEBUG   ] [FindMSUIIT.Trace] ← Exiting  find_matches_for_item()
[2026-06-24 22:17:01] [DEBUG   ] [FindMSUIIT.Trace] → Entering find_matches_for_item()
[2026-06-24 22:17:01] [DEBUG   ] [FindMSUIIT.Trace] → Entering compute_match_score()
[2026-06-24 22:17:01] [DEBUG   ] [FindMSUIIT.modules.matching] Category mismatch (Keys & Keychains ≠ Books & Stationery) — score forced to 0.0
[2026-06-24 22:17:01] [DEBUG   ] [FindMSUIIT.Trace] ← Exiting  compute_match_score()
[2026-06-24 22:17:01] [DEBUG   ] [FindMSUIIT.Trace] → Entering compute_match_score()
[2026-06-24 22:17:01] [DEBUG   ] [FindMSUIIT.modules.matching] Category mismatch (Keys & Keychains ≠ Clothing & Accessories) — score forced to 0.0
[2026-06-24 22:17:01] [DEBUG   ] [FindMSUIIT.Trace] ← Exiting  compute_match_score()
[2026-06-24 22:17:01] [DEBUG   ] [FindMSUIIT.Trace] → Entering compute_match_score()
[2026-06-24 22:17:01] [DEBUG   ] [FindMSUIIT.modules.matching] Category mismatch (Keys & Keychains ≠ Books & Stationery) — score forced to 0.0
[2026-06-24 22:17:01] [DEBUG   ] [FindMSUIIT.Trace] ← Exiting  compute_match_score()
[2026-06-24 22:17:01] [DEBUG   ] [FindMSUIIT.Trace] → Entering compute_match_score()
[2026-06-24 22:17:01] [DEBUG   ] [FindMSUIIT.modules.matching] Category mismatch (Keys & Keychains ≠ Electronics) — score forced to 0.0
[2026-06-24 22:17:01] [DEBUG   ] [FindMSUIIT.Trace] ← Exiting  compute_match_score()
[2026-06-24 22:17:01] [DEBUG   ] [FindMSUIIT.Trace] → Entering compute_match_score()
[2026-06-24 22:17:01] [DEBUG   ] [FindMSUIIT.modules.matching] Category mismatch (Keys & Keychains ≠ Clothing & Accessories) — score forced to 0.0
[2026-06-24 22:17:01] [DEBUG   ] [FindMSUIIT.Trace] ← Exiting  compute_match_score()
[2026-06-24 22:17:01] [DEBUG   ] [FindMSUIIT.Trace] → Entering compute_match_score()
[2026-06-24 22:17:01] [DEBUG   ] [FindMSUIIT.modules.matching] Category mismatch (Keys & Keychains ≠ Clothing & Accessories) — score forced to 0.0
[2026-06-24 22:17:01] [DEBUG   ] [FindMSUIIT.Trace] ← Exiting  compute_match_score()
[2026-06-24 22:17:01] [DEBUG   ] [FindMSUIIT.Trace] → Entering compute_match_score()
[2026-06-24 22:17:01] [DEBUG   ] [FindMSUIIT.modules.matching] Category mismatch (Keys & Keychains ≠ Clothing & Accessories) — score forced to 0.0
[2026-06-24 22:17:01] [DEBUG   ] [FindMSUIIT.Trace] ← Exiting  compute_match_score()
[2026-06-24 22:17:01] [DEBUG   ] [FindMSUIIT.Trace] → Entering compute_match_score()
[2026-06-24 22:17:01] [DEBUG   ] [FindMSUIIT.modules.matching] Category mismatch (Keys & Keychains ≠ Wallets & Bags) — score forced to 0.0
[2026-06-24 22:17:01] [DEBUG   ] [FindMSUIIT.Trace] ← Exiting  compute_match_score()
[2026-06-24 22:17:01] [DEBUG   ] [FindMSUIIT.Trace] → Entering compute_match_score()
[2026-06-24 22:17:01] [DEBUG   ] [FindMSUIIT.modules.matching] Category mismatch (Keys & Keychains ≠ Clothing & Accessories) — score forced to 0.0
[2026-06-24 22:17:01] [DEBUG   ] [FindMSUIIT.Trace] ← Exiting  compute_match_score()
[2026-06-24 22:17:01] [DEBUG   ] [FindMSUIIT.Trace] → Entering compute_match_score()
[2026-06-24 22:17:01] [DEBUG   ] [FindMSUIIT.modules.matching] Category mismatch (Keys & Keychains ≠ Personal Items (Tumblers, Umbrellas)) — score forced to 0.0
[2026-06-24 22:17:01] [DEBUG   ] [FindMSUIIT.Trace] ← Exiting  compute_match_score()
[2026-06-24 22:17:01] [DEBUG   ] [FindMSUIIT.Trace] → Entering compute_match_score()
[2026-06-24 22:17:01] [DEBUG   ] [FindMSUIIT.modules.matching] Category mismatch (Keys & Keychains ≠ Books & Stationery) — score forced to 0.0
[2026-06-24 22:17:01] [DEBUG   ] [FindMSUIIT.Trace] ← Exiting  compute_match_score()
[2026-06-24 22:17:01] [INFO    ] [FindMSUIIT.modules.matching] Matching complete for item_id=30 — 0 candidate(s) found above threshold 0.45.
[2026-06-24 22:17:01] [DEBUG   ] [FindMSUIIT.Trace] ← Exiting  find_matches_for_item()
